2023-08-23T19:07:43.515+05:30  INFO 20968 --- [main] com.routeready.RouteReadyApplication     : Starting RouteReadyApplication using Java 17.0.6 with PID 20968 (E:\Desktop\potent-voyage-8716\RouteReady\target\classes started by hp in E:\Desktop\potent-voyage-8716\RouteReady)
2023-08-23T19:07:43.522+05:30  INFO 20968 --- [main] com.routeready.RouteReadyApplication     : No active profile set, falling back to 1 default profile: "default"
2023-08-23T19:07:45.610+05:30  INFO 20968 --- [main] .s.d.r.c.RepositoryConfigurationDelegate : Bootstrapping Spring Data JPA repositories in DEFAULT mode.
2023-08-23T19:07:45.814+05:30  INFO 20968 --- [main] .s.d.r.c.RepositoryConfigurationDelegate : Finished Spring Data repository scanning in 182 ms. Found 5 JPA repository interfaces.
2023-08-23T19:07:47.303+05:30  INFO 20968 --- [main] o.s.b.w.embedded.tomcat.TomcatWebServer  : Tomcat initialized with port(s): 8080 (http)
2023-08-23T19:07:47.338+05:30  INFO 20968 --- [main] o.apache.catalina.core.StandardService   : Starting service [Tomcat]
2023-08-23T19:07:47.339+05:30  INFO 20968 --- [main] o.apache.catalina.core.StandardEngine    : Starting Servlet engine: [Apache Tomcat/10.1.11]
2023-08-23T19:07:47.690+05:30  INFO 20968 --- [main] o.a.c.c.C.[Tomcat].[localhost].[/]       : Initializing Spring embedded WebApplicationContext
2023-08-23T19:07:47.692+05:30  INFO 20968 --- [main] w.s.c.ServletWebServerApplicationContext : Root WebApplicationContext: initialization completed in 4036 ms
2023-08-23T19:07:48.131+05:30  INFO 20968 --- [main] o.hibernate.jpa.internal.util.LogHelper  : HHH000204: Processing PersistenceUnitInfo [name: default]
2023-08-23T19:07:48.337+05:30  INFO 20968 --- [main] org.hibernate.Version                    : HHH000412: Hibernate ORM core version 6.2.6.Final
2023-08-23T19:07:48.343+05:30  INFO 20968 --- [main] org.hibernate.cfg.Environment            : HHH000406: Using bytecode reflection optimizer
2023-08-23T19:07:48.782+05:30  INFO 20968 --- [main] o.h.b.i.BytecodeProviderInitiator        : HHH000021: Bytecode provider name : bytebuddy
2023-08-23T19:07:49.190+05:30  INFO 20968 --- [main] o.s.o.j.p.SpringPersistenceUnitInfo      : No LoadTimeWeaver setup: ignoring JPA class transformer
2023-08-23T19:07:49.228+05:30  INFO 20968 --- [main] com.zaxxer.hikari.HikariDataSource       : HikariPool-1 - Starting...
2023-08-23T19:07:50.113+05:30  INFO 20968 --- [main] com.zaxxer.hikari.pool.HikariPool        : HikariPool-1 - Added connection com.mysql.cj.jdbc.ConnectionImpl@12166229
2023-08-23T19:07:50.123+05:30  INFO 20968 --- [main] com.zaxxer.hikari.HikariDataSource       : HikariPool-1 - Start completed.
2023-08-23T19:07:51.126+05:30  INFO 20968 --- [main] o.h.b.i.BytecodeProviderInitiator        : HHH000021: Bytecode provider name : bytebuddy
2023-08-23T19:07:53.293+05:30  INFO 20968 --- [main] o.h.e.t.j.p.i.JtaPlatformInitiator       : HHH000490: Using JtaPlatform implementation: [org.hibernate.engine.transaction.jta.platform.internal.NoJtaPlatform]
2023-08-23T19:07:54.336+05:30  INFO 20968 --- [main] j.LocalContainerEntityManagerFactoryBean : Initialized JPA EntityManagerFactory for persistence unit 'default'
2023-08-23T19:07:55.227+05:30  WARN 20968 --- [main] JpaBaseConfiguration$JpaWebConfiguration : spring.jpa.open-in-view is enabled by default. Therefore, database queries may be performed during view rendering. Explicitly configure spring.jpa.open-in-view to disable this warning
2023-08-23T19:07:57.016+05:30  INFO 20968 --- [main] o.s.b.w.embedded.tomcat.TomcatWebServer  : Tomcat started on port(s): 8080 (http) with context path ''
2023-08-23T19:07:57.037+05:30  INFO 20968 --- [main] com.routeready.RouteReadyApplication     : Started RouteReadyApplication in 14.869 seconds (process running for 16.621)
2023-08-23T19:08:26.733+05:30  INFO 20968 --- [http-nio-8080-exec-3] o.a.c.c.C.[Tomcat].[localhost].[/]       : Initializing Spring DispatcherServlet 'dispatcherServlet'
2023-08-23T19:08:26.735+05:30  INFO 20968 --- [http-nio-8080-exec-3] o.s.web.servlet.DispatcherServlet        : Initializing Servlet 'dispatcherServlet'
2023-08-23T19:08:26.741+05:30  INFO 20968 --- [http-nio-8080-exec-3] o.s.web.servlet.DispatcherServlet        : Completed initialization in 5 ms
2023-08-23T19:08:29.391+05:30  INFO 20968 --- [http-nio-8080-exec-4] o.springdoc.api.AbstractOpenApiResource  : Init duration for springdoc-openapi is: 1664 ms
2023-08-23T19:09:44.339+05:30  INFO 20968 --- [RMI TCP Connection(10)-127.0.0.1] inMXBeanRegistrar$SpringApplicationAdmin : Application shutdown requested.
2023-08-23T19:09:44.366+05:30  INFO 20968 --- [RMI TCP Connection(10)-127.0.0.1] o.apache.catalina.core.StandardService   : Stopping service [Tomcat]
2023-08-23T19:09:44.369+05:30  INFO 20968 --- [RMI TCP Connection(10)-127.0.0.1] o.a.c.c.C.[Tomcat].[localhost].[/]       : Destroying Spring FrameworkServlet 'dispatcherServlet'
2023-08-23T19:09:44.391+05:30  INFO 20968 --- [RMI TCP Connection(10)-127.0.0.1] j.LocalContainerEntityManagerFactoryBean : Closing JPA EntityManagerFactory for persistence unit 'default'
2023-08-23T19:09:44.394+05:30  INFO 20968 --- [RMI TCP Connection(10)-127.0.0.1] com.zaxxer.hikari.HikariDataSource       : HikariPool-1 - Shutdown initiated...
2023-08-23T19:09:44.424+05:30  INFO 20968 --- [RMI TCP Connection(10)-127.0.0.1] com.zaxxer.hikari.HikariDataSource       : HikariPool-1 - Shutdown completed.
